<?xml version="1.0" encoding="UTF-8"?>
<coverage generated="1683780862813" clover="3.2.0">
  <project timestamp="1683780862813" name="All files">
    <metrics statements="24" coveredstatements="24" conditionals="36" coveredconditionals="27" methods="10" coveredmethods="10" elements="70" coveredelements="61" complexity="0" loc="24" ncloc="24" packages="1" files="2" classes="2"/>
    <file name="calculateMembershipTier.ts" path="/Users/ben/projects/whppt-api-express/src/modules/order/Queries/helpers/calculateMembershipTier.ts">
      <metrics statements="23" coveredstatements="23" conditionals="36" coveredconditionals="27" methods="10" coveredmethods="10"/>
      <line num="1" count="1" type="stmt"/>
      <line num="19" count="1" type="stmt"/>
      <line num="24" count="6" type="stmt"/>
      <line num="30" count="15" type="stmt"/>
      <line num="32" count="6" type="cond" truecount="1" falsecount="0"/>
      <line num="34" count="12" type="stmt"/>
      <line num="35" count="13" type="stmt"/>
      <line num="37" count="5" type="cond" truecount="5" falsecount="2"/>
      <line num="38" count="5" type="cond" truecount="5" falsecount="2"/>
      <line num="40" count="5" type="cond" truecount="3" falsecount="1"/>
      <line num="45" count="5" type="cond" truecount="4" falsecount="2"/>
      <line num="46" count="8" type="stmt"/>
      <line num="48" count="5" type="stmt"/>
      <line num="63" count="1" type="stmt"/>
      <line num="68" count="5" type="cond" truecount="1" falsecount="1"/>
      <line num="69" count="15" type="stmt"/>
      <line num="72" count="5" type="stmt"/>
      <line num="81" count="1" type="stmt"/>
      <line num="83" count="1" type="cond" truecount="1" falsecount="1"/>
      <line num="84" count="3" type="cond" truecount="1" falsecount="0"/>
      <line num="85" count="1" type="stmt"/>
      <line num="88" count="2" type="stmt"/>
      <line num="91" count="1" type="stmt"/>
    </file>
    <file name="tiersForTesting.ts" path="/Users/ben/projects/whppt-api-express/src/modules/order/Queries/helpers/tiersForTesting.ts">
      <metrics statements="1" coveredstatements="1" conditionals="0" coveredconditionals="0" methods="0" coveredmethods="0"/>
      <line num="1" count="1" type="stmt"/>
    </file>
  </project>
</coverage>
