{"/Users/ben/projects/whppt-api-express/src/modules/order/Queries/helpers/calculateMembershipTier.ts": {"path":"/Users/ben/projects/whppt-api-express/src/modules/order/Queries/helpers/calculateMembershipTier.ts","statementMap":{"0":{"start":{"line":1,"column":0},"end":{"line":1,"column":33}},"1":{"start":{"line":19,"column":64},"end":{"line":61,"column":1}},"2":{"start":{"line":24,"column":22},"end":{"line":27,"column":null}},"3":{"start":{"line":30,"column":19},"end":{"line":30,"column":57}},"4":{"start":{"line":30,"column":42},"end":{"line":30,"column":56}},"5":{"start":{"line":32,"column":2},"end":{"line":32,"column":66}},"6":{"start":{"line":32,"column":17},"end":{"line":32,"column":66}},"7":{"start":{"line":34,"column":26},"end":{"line":34,"column":88}},"8":{"start":{"line":34,"column":48},"end":{"line":34,"column":87}},"9":{"start":{"line":35,"column":23},"end":{"line":35,"column":86}},"10":{"start":{"line":35,"column":45},"end":{"line":35,"column":85}},"11":{"start":{"line":37,"column":27},"end":{"line":37,"column":75}},"12":{"start":{"line":38,"column":28},"end":{"line":38,"column":70}},"13":{"start":{"line":40,"column":4},"end":{"line":44,"column":16}},"14":{"start":{"line":45,"column":24},"end":{"line":45,"column":53}},"15":{"start":{"line":46,"column":19},"end":{"line":46,"column":67}},"16":{"start":{"line":46,"column":41},"end":{"line":46,"column":66}},"17":{"start":{"line":48,"column":2},"end":{"line":60,"column":22}},"18":{"start":{"line":19,"column":13},"end":{"line":19,"column":64}},"19":{"start":{"line":63,"column":27},"end":{"line":79,"column":1}},"20":{"start":{"line":68,"column":38},"end":{"line":70,"column":11}},"21":{"start":{"line":69,"column":24},"end":{"line":69,"column":51}},"22":{"start":{"line":72,"column":2},"end":{"line":78,"column":6}},"23":{"start":{"line":72,"column":33},"end":{"line":77,"column":null}},"24":{"start":{"line":81,"column":31},"end":{"line":92,"column":1}},"25":{"start":{"line":83,"column":4},"end":{"line":89,"column":14}},"26":{"start":{"line":84,"column":6},"end":{"line":86,"column":null}},"27":{"start":{"line":85,"column":8},"end":{"line":85,"column":39}},"28":{"start":{"line":88,"column":6},"end":{"line":88,"column":17}},"29":{"start":{"line":91,"column":2},"end":{"line":91,"column":40}}},"fnMap":{"0":{"name":"(anonymous_0)","decl":{"start":{"line":19,"column":64},"end":{"line":19,"column":null}},"loc":{"start":{"line":23,"column":4},"end":{"line":61,"column":1}}},"1":{"name":"(anonymous_1)","decl":{"start":{"line":30,"column":36},"end":{"line":30,"column":38}},"loc":{"start":{"line":30,"column":42},"end":{"line":30,"column":56}}},"2":{"name":"(anonymous_2)","decl":{"start":{"line":34,"column":43},"end":{"line":34,"column":44}},"loc":{"start":{"line":34,"column":48},"end":{"line":34,"column":87}}},"3":{"name":"(anonymous_3)","decl":{"start":{"line":35,"column":40},"end":{"line":35,"column":41}},"loc":{"start":{"line":35,"column":45},"end":{"line":35,"column":85}}},"4":{"name":"(anonymous_4)","decl":{"start":{"line":46,"column":36},"end":{"line":46,"column":37}},"loc":{"start":{"line":46,"column":41},"end":{"line":46,"column":66}}},"5":{"name":"(anonymous_5)","decl":{"start":{"line":63,"column":27},"end":{"line":63,"column":null}},"loc":{"start":{"line":67,"column":4},"end":{"line":79,"column":1}}},"6":{"name":"(anonymous_6)","decl":{"start":{"line":69,"column":19},"end":{"line":69,"column":20}},"loc":{"start":{"line":69,"column":24},"end":{"line":69,"column":51}}},"7":{"name":"(anonymous_7)","decl":{"start":{"line":72,"column":23},"end":{"line":72,"column":24}},"loc":{"start":{"line":72,"column":33},"end":{"line":77,"column":null}}},"8":{"name":"(anonymous_8)","decl":{"start":{"line":81,"column":31},"end":{"line":81,"column":32}},"loc":{"start":{"line":81,"column":85},"end":{"line":92,"column":1}}},"9":{"name":"(anonymous_9)","decl":{"start":{"line":83,"column":17},"end":{"line":83,"column":18}},"loc":{"start":{"line":83,"column":31},"end":{"line":89,"column":5}}}},"branchMap":{"0":{"loc":{"start":{"line":32,"column":2},"end":{"line":32,"column":66}},"type":"if","locations":[{"start":{"line":32,"column":2},"end":{"line":32,"column":66}}]},"1":{"loc":{"start":{"line":37,"column":27},"end":{"line":37,"column":75}},"type":"binary-expr","locations":[{"start":{"line":37,"column":28},"end":{"line":37,"column":43}},{"start":{"line":37,"column":47},"end":{"line":37,"column":69}},{"start":{"line":37,"column":74},"end":{"line":37,"column":75}}]},"2":{"loc":{"start":{"line":37,"column":47},"end":{"line":37,"column":69}},"type":"cond-expr","locations":[{"start":{"line":37,"column":62},"end":{"line":37,"column":64}},{"start":{"line":37,"column":47},"end":{"line":37,"column":69}}]},"3":{"loc":{"start":{"line":37,"column":47},"end":{"line":37,"column":64}},"type":"binary-expr","locations":[{"start":{"line":37,"column":47},"end":{"line":37,"column":64}},{"start":{"line":37,"column":47},"end":{"line":37,"column":64}}]},"4":{"loc":{"start":{"line":38,"column":28},"end":{"line":38,"column":70}},"type":"binary-expr","locations":[{"start":{"line":38,"column":29},"end":{"line":38,"column":41}},{"start":{"line":38,"column":45},"end":{"line":38,"column":64}},{"start":{"line":38,"column":69},"end":{"line":38,"column":70}}]},"5":{"loc":{"start":{"line":38,"column":45},"end":{"line":38,"column":64}},"type":"cond-expr","locations":[{"start":{"line":38,"column":57},"end":{"line":38,"column":59}},{"start":{"line":38,"column":45},"end":{"line":38,"column":64}}]},"6":{"loc":{"start":{"line":38,"column":45},"end":{"line":38,"column":59}},"type":"binary-expr","locations":[{"start":{"line":38,"column":45},"end":{"line":38,"column":59}},{"start":{"line":38,"column":45},"end":{"line":38,"column":59}}]},"7":{"loc":{"start":{"line":40,"column":4},"end":{"line":44,"column":16}},"type":"cond-expr","locations":[{"start":{"line":41,"column":8},"end":{"line":43,"column":22}},{"start":{"line":44,"column":8},"end":{"line":44,"column":16}}]},"8":{"loc":{"start":{"line":40,"column":4},"end":{"line":40,"column":35}},"type":"binary-expr","locations":[{"start":{"line":40,"column":4},"end":{"line":40,"column":19}},{"start":{"line":40,"column":23},"end":{"line":40,"column":35}}]},"9":{"loc":{"start":{"line":41,"column":8},"end":{"line":43,"column":22}},"type":"cond-expr","locations":[{"start":{"line":42,"column":10},"end":{"line":42,"column":25}},{"start":{"line":43,"column":10},"end":{"line":43,"column":22}}]},"10":{"loc":{"start":{"line":45,"column":25},"end":{"line":45,"column":48}},"type":"binary-expr","locations":[{"start":{"line":45,"column":25},"end":{"line":45,"column":43}},{"start":{"line":45,"column":47},"end":{"line":45,"column":48}}]},"11":{"loc":{"start":{"line":45,"column":25},"end":{"line":45,"column":43}},"type":"cond-expr","locations":[{"start":{"line":45,"column":36},"end":{"line":45,"column":38}},{"start":{"line":45,"column":25},"end":{"line":45,"column":43}}]},"12":{"loc":{"start":{"line":45,"column":25},"end":{"line":45,"column":38}},"type":"binary-expr","locations":[{"start":{"line":45,"column":25},"end":{"line":45,"column":38}},{"start":{"line":45,"column":25},"end":{"line":45,"column":38}}]},"13":{"loc":{"start":{"line":52,"column":29},"end":{"line":54,"column":9}},"type":"cond-expr","locations":[{"start":{"line":53,"column":8},"end":{"line":53,"column":65}},{"start":{"line":54,"column":8},"end":{"line":54,"column":9}}]},"14":{"loc":{"start":{"line":68,"column":38},"end":{"line":70,"column":11}},"type":"cond-expr","locations":[{"start":{"line":69,"column":6},"end":{"line":69,"column":52}},{"start":{"line":70,"column":6},"end":{"line":70,"column":11}}]},"15":{"loc":{"start":{"line":75,"column":6},"end":{"line":77,"column":63}},"type":"cond-expr","locations":[{"start":{"line":76,"column":10},"end":{"line":76,"column":60}},{"start":{"line":77,"column":10},"end":{"line":77,"column":63}}]},"16":{"loc":{"start":{"line":83,"column":4},"end":{"line":89,"column":14}},"type":"binary-expr","locations":[{"start":{"line":83,"column":4},"end":{"line":89,"column":9}},{"start":{"line":89,"column":13},"end":{"line":89,"column":14}}]},"17":{"loc":{"start":{"line":84,"column":6},"end":{"line":86,"column":null}},"type":"if","locations":[{"start":{"line":84,"column":6},"end":{"line":86,"column":null}}]}},"s":{"0":1,"1":1,"2":6,"3":6,"4":15,"5":6,"6":1,"7":5,"8":12,"9":5,"10":13,"11":5,"12":5,"13":5,"14":5,"15":5,"16":8,"17":5,"18":1,"19":1,"20":5,"21":15,"22":5,"23":5,"24":1,"25":1,"26":3,"27":1,"28":2,"29":1},"f":{"0":6,"1":15,"2":12,"3":13,"4":8,"5":5,"6":15,"7":5,"8":1,"9":3},"b":{"0":[1],"1":[5,5,0],"2":[0,5],"3":[5,5],"4":[5,5,0],"5":[0,5],"6":[5,5],"7":[5,0],"8":[5,5],"9":[3,2],"10":[5,0],"11":[0,5],"12":[5,5],"13":[4,1],"14":[5,0],"15":[4,1],"16":[1,0],"17":[1]}}
,"/Users/ben/projects/whppt-api-express/src/modules/order/Queries/helpers/tiersForTesting.ts": {"path":"/Users/ben/projects/whppt-api-express/src/modules/order/Queries/helpers/tiersForTesting.ts","statementMap":{"0":{"start":{"line":1,"column":13},"end":{"line":99,"column":2}}},"fnMap":{},"branchMap":{},"s":{"0":1},"f":{},"b":{}}
}
