TN:
SF:src/modules/order/Queries/helpers/calculateMembershipTier.ts
FN:19,(anonymous_0)
FN:30,(anonymous_1)
FN:34,(anonymous_2)
FN:35,(anonymous_3)
FN:46,(anonymous_4)
FN:63,(anonymous_5)
FN:69,(anonymous_6)
FN:72,(anonymous_7)
FN:81,(anonymous_8)
FN:83,(anonymous_9)
FNF:10
FNH:10
FNDA:6,(anonymous_0)
FNDA:15,(anonymous_1)
FNDA:12,(anonymous_2)
FNDA:13,(anonymous_3)
FNDA:8,(anonymous_4)
FNDA:5,(anonymous_5)
FNDA:15,(anonymous_6)
FNDA:5,(anonymous_7)
FNDA:1,(anonymous_8)
FNDA:3,(anonymous_9)
DA:1,1
DA:19,1
DA:24,6
DA:30,15
DA:32,6
DA:34,12
DA:35,13
DA:37,5
DA:38,5
DA:40,5
DA:45,5
DA:46,8
DA:48,5
DA:63,1
DA:68,5
DA:69,15
DA:72,5
DA:81,1
DA:83,1
DA:84,3
DA:85,1
DA:88,2
DA:91,1
LF:23
LH:23
BRDA:32,0,0,1
BRDA:37,1,0,5
BRDA:37,1,1,5
BRDA:37,1,2,0
BRDA:37,2,0,0
BRDA:37,2,1,5
BRDA:37,3,0,5
BRDA:37,3,1,5
BRDA:38,4,0,5
BRDA:38,4,1,5
BRDA:38,4,2,0
BRDA:38,5,0,0
BRDA:38,5,1,5
BRDA:38,6,0,5
BRDA:38,6,1,5
BRDA:40,7,0,5
BRDA:40,7,1,0
BRDA:40,8,0,5
BRDA:40,8,1,5
BRDA:41,9,0,3
BRDA:41,9,1,2
BRDA:45,10,0,5
BRDA:45,10,1,0
BRDA:45,11,0,0
BRDA:45,11,1,5
BRDA:45,12,0,5
BRDA:45,12,1,5
BRDA:52,13,0,4
BRDA:52,13,1,1
BRDA:68,14,0,5
BRDA:68,14,1,0
BRDA:75,15,0,4
BRDA:75,15,1,1
BRDA:83,16,0,1
BRDA:83,16,1,0
BRDA:84,17,0,1
BRF:36
BRH:27
end_of_record
TN:
SF:src/modules/order/Queries/helpers/tiersForTesting.ts
FNF:0
FNH:0
DA:1,1
LF:1
LH:1
BRF:0
BRH:0
end_of_record
